<?xml version="1.0" encoding="UTF-8"?>
<testng-results ignored="0" total="1" passed="1" failed="0" skipped="0">
  <reporter-output>
  </reporter-output>
  <suite started-at="2021-10-30T10:41:32 ICT" name="Default suite" finished-at="2021-10-30T10:41:37 ICT" duration-ms="4324">
    <groups>
    </groups>
    <test started-at="2021-10-30T10:41:32 ICT" name="Default test" finished-at="2021-10-30T10:41:37 ICT" duration-ms="4324">
      <class name="firsttestpackage.FirstTestNGFile">
        <test-method signature="verifyHomepageTitle()[pri:0, instance:firsttestpackage.FirstTestNGFile@793be5ca]" started-at="2021-10-30T10:41:33 ICT" name="verifyHomepageTitle" finished-at="2021-10-30T10:41:37 ICT" duration-ms="4301" status="PASS">
          <reporter-output>
          </reporter-output>
        </test-method> <!-- verifyHomepageTitle -->
      </class> <!-- firsttestpackage.FirstTestNGFile -->
    </test> <!-- Default test -->
  </suite> <!-- Default suite -->
</testng-results>
